<?xml version="1.0" encoding="UTF-8"?>
<!-- Generated by org.testng.reporters.JUnitXMLReporter -->
<testsuite hostname="Welcome-PC" name="Default test" tests="3" failures="0" timestamp="14 Aug 2019 20:38:29 GMT" time="18.493" errors="0">
  <testcase name="CreateNewRecord" time="13.86" classname="DataDrivenWithDummyRestAPIs.CreateNewRecordinServer"/>
  <testcase name="CreateNewRecord" time="0.819" classname="DataDrivenWithDummyRestAPIs.CreateNewRecordinServer"/>
  <testcase name="CreateNewRecord" time="0.806" classname="DataDrivenWithDummyRestAPIs.CreateNewRecordinServer"/>
</testsuite> <!-- Default test -->
